2021-02-01 11:40:58,520 INFO org.hibernate.validator.internal.util.Version [background-preinit] HV000001: Hibernate Validator 6.1.7.Final
2021-02-01 11:40:58,546 INFO org.springframework.boot.StartupInfoLogger [main] Starting FileUploadApplication using Java 11.0.2 on Alyx-Laptop with PID 8356 (D:\ExostarFileUploadSpringBootApp\FileUpload\target\classes started by AJoshi in D:\ExostarFileUploadSpringBootApp\FileUpload)
2021-02-01 11:40:58,551 INFO org.springframework.boot.SpringApplication [main] No active profile set, falling back to default profiles: default
2021-02-01 11:40:59,758 INFO org.springframework.data.repository.config.RepositoryConfigurationDelegate [main] Bootstrapping Spring Data JPA repositories in DEFAULT mode.
2021-02-01 11:40:59,830 INFO org.springframework.data.repository.config.RepositoryConfigurationDelegate [main] Finished Spring Data repository scanning in 57 ms. Found 1 JPA repository interfaces.
2021-02-01 11:41:00,889 INFO org.springframework.boot.web.embedded.tomcat.TomcatWebServer [main] Tomcat initialized with port(s): 8080 (http)
2021-02-01 11:41:00,904 INFO org.apache.juli.logging.DirectJDKLog [main] Initializing ProtocolHandler ["http-nio-8080"]
2021-02-01 11:41:00,905 INFO org.apache.juli.logging.DirectJDKLog [main] Starting service [Tomcat]
2021-02-01 11:41:00,906 INFO org.apache.juli.logging.DirectJDKLog [main] Starting Servlet engine: [Apache Tomcat/9.0.41]
2021-02-01 11:41:01,220 INFO org.apache.juli.logging.DirectJDKLog [main] Initializing Spring embedded WebApplicationContext
2021-02-01 11:41:01,221 INFO org.springframework.boot.web.servlet.context.ServletWebServerApplicationContext [main] Root WebApplicationContext: initialization completed in 2497 ms
2021-02-01 11:41:01,365 INFO com.zaxxer.hikari.HikariDataSource [main] HikariPool-1 - Starting...
2021-02-01 11:41:01,759 INFO com.zaxxer.hikari.HikariDataSource [main] HikariPool-1 - Start completed.
2021-02-01 11:41:01,771 INFO org.springframework.boot.autoconfigure.h2.H2ConsoleAutoConfiguration [main] H2 console available at '/h2-console'. Database available at 'jdbc:h2:mem:testdb'
2021-02-01 11:41:01,968 INFO org.hibernate.jpa.internal.util.LogHelper [main] HHH000204: Processing PersistenceUnitInfo [name: default]
2021-02-01 11:41:02,034 INFO org.hibernate.Version [main] HHH000412: Hibernate ORM core version 5.4.27.Final
2021-02-01 11:41:02,223 INFO org.hibernate.annotations.common.reflection.java.JavaReflectionManager [main] HCANN000001: Hibernate Commons Annotations {5.1.2.Final}
2021-02-01 11:41:02,402 INFO org.hibernate.dialect.Dialect [main] HHH000400: Using dialect: org.hibernate.dialect.H2Dialect
2021-02-01 11:41:03,475 INFO org.hibernate.engine.transaction.jta.platform.internal.JtaPlatformInitiator [main] HHH000490: Using JtaPlatform implementation: [org.hibernate.engine.transaction.jta.platform.internal.NoJtaPlatform]
2021-02-01 11:41:03,486 INFO org.springframework.orm.jpa.AbstractEntityManagerFactoryBean [main] Initialized JPA EntityManagerFactory for persistence unit 'default'
2021-02-01 11:41:04,249 WARN org.springframework.boot.autoconfigure.orm.jpa.JpaBaseConfiguration$JpaWebConfiguration [main] spring.jpa.open-in-view is enabled by default. Therefore, database queries may be performed during view rendering. Explicitly configure spring.jpa.open-in-view to disable this warning
2021-02-01 11:41:04,416 INFO org.springframework.scheduling.concurrent.ExecutorConfigurationSupport [main] Initializing ExecutorService 'applicationTaskExecutor'
2021-02-01 11:41:04,846 INFO org.apache.juli.logging.DirectJDKLog [main] Starting ProtocolHandler ["http-nio-8080"]
2021-02-01 11:41:04,904 INFO org.springframework.boot.web.embedded.tomcat.TomcatWebServer [main] Tomcat started on port(s): 8080 (http) with context path ''
2021-02-01 11:41:04,919 INFO org.springframework.boot.StartupInfoLogger [main] Started FileUploadApplication in 7.245 seconds (JVM running for 9.23)
2021-02-01 11:41:29,936 INFO org.springframework.boot.admin.SpringApplicationAdminMXBeanRegistrar$SpringApplicationAdmin [RMI TCP Connection(2)-127.0.0.1] Application shutdown requested.
2021-02-01 11:41:30,634 INFO org.springframework.scheduling.concurrent.ExecutorConfigurationSupport [RMI TCP Connection(2)-127.0.0.1] Shutting down ExecutorService 'applicationTaskExecutor'
2021-02-01 11:41:30,636 INFO org.springframework.orm.jpa.AbstractEntityManagerFactoryBean [RMI TCP Connection(2)-127.0.0.1] Closing JPA EntityManagerFactory for persistence unit 'default'
2021-02-01 11:41:30,636 INFO org.hibernate.tool.schema.internal.SchemaDropperImpl$DelayedDropActionImpl [RMI TCP Connection(2)-127.0.0.1] HHH000477: Starting delayed evictData of schema as part of SessionFactory shut-down'
2021-02-01 11:41:30,650 INFO com.zaxxer.hikari.HikariDataSource [RMI TCP Connection(2)-127.0.0.1] HikariPool-1 - Shutdown initiated...
2021-02-01 11:41:30,658 INFO com.zaxxer.hikari.HikariDataSource [RMI TCP Connection(2)-127.0.0.1] HikariPool-1 - Shutdown completed.
2021-02-01 11:41:41,264 INFO org.hibernate.validator.internal.util.Version [background-preinit] HV000001: Hibernate Validator 6.1.7.Final
2021-02-01 11:41:41,296 INFO org.springframework.boot.StartupInfoLogger [main] Starting FileUploadApplication using Java 11.0.2 on Alyx-Laptop with PID 17548 (D:\ExostarFileUploadSpringBootApp\FileUpload\target\classes started by AJoshi in D:\ExostarFileUploadSpringBootApp\FileUpload)
2021-02-01 11:41:41,306 INFO org.springframework.boot.SpringApplication [main] No active profile set, falling back to default profiles: default
2021-02-01 11:41:43,078 INFO org.springframework.data.repository.config.RepositoryConfigurationDelegate [main] Bootstrapping Spring Data JPA repositories in DEFAULT mode.
2021-02-01 11:41:43,144 INFO org.springframework.data.repository.config.RepositoryConfigurationDelegate [main] Finished Spring Data repository scanning in 55 ms. Found 1 JPA repository interfaces.
2021-02-01 11:41:44,086 INFO org.springframework.boot.web.embedded.tomcat.TomcatWebServer [main] Tomcat initialized with port(s): 8080 (http)
2021-02-01 11:41:44,100 INFO org.apache.juli.logging.DirectJDKLog [main] Initializing ProtocolHandler ["http-nio-8080"]
2021-02-01 11:41:44,101 INFO org.apache.juli.logging.DirectJDKLog [main] Starting service [Tomcat]
2021-02-01 11:41:44,101 INFO org.apache.juli.logging.DirectJDKLog [main] Starting Servlet engine: [Apache Tomcat/9.0.41]
2021-02-01 11:41:44,426 INFO org.apache.juli.logging.DirectJDKLog [main] Initializing Spring embedded WebApplicationContext
2021-02-01 11:41:44,427 INFO org.springframework.boot.web.servlet.context.ServletWebServerApplicationContext [main] Root WebApplicationContext: initialization completed in 2874 ms
2021-02-01 11:41:44,495 INFO com.zaxxer.hikari.HikariDataSource [main] HikariPool-1 - Starting...
2021-02-01 11:41:44,786 INFO com.zaxxer.hikari.HikariDataSource [main] HikariPool-1 - Start completed.
2021-02-01 11:41:44,798 INFO org.springframework.boot.autoconfigure.h2.H2ConsoleAutoConfiguration [main] H2 console available at '/h2-console'. Database available at 'jdbc:h2:mem:testdb'
2021-02-01 11:41:45,115 INFO org.hibernate.jpa.internal.util.LogHelper [main] HHH000204: Processing PersistenceUnitInfo [name: default]
2021-02-01 11:41:45,200 INFO org.hibernate.Version [main] HHH000412: Hibernate ORM core version 5.4.27.Final
2021-02-01 11:41:45,403 INFO org.hibernate.annotations.common.reflection.java.JavaReflectionManager [main] HCANN000001: Hibernate Commons Annotations {5.1.2.Final}
2021-02-01 11:41:45,563 INFO org.hibernate.dialect.Dialect [main] HHH000400: Using dialect: org.hibernate.dialect.H2Dialect
2021-02-01 11:41:46,618 INFO org.hibernate.engine.transaction.jta.platform.internal.JtaPlatformInitiator [main] HHH000490: Using JtaPlatform implementation: [org.hibernate.engine.transaction.jta.platform.internal.NoJtaPlatform]
2021-02-01 11:41:46,640 INFO org.springframework.orm.jpa.AbstractEntityManagerFactoryBean [main] Initialized JPA EntityManagerFactory for persistence unit 'default'
2021-02-01 11:41:47,154 WARN org.springframework.boot.autoconfigure.orm.jpa.JpaBaseConfiguration$JpaWebConfiguration [main] spring.jpa.open-in-view is enabled by default. Therefore, database queries may be performed during view rendering. Explicitly configure spring.jpa.open-in-view to disable this warning
2021-02-01 11:41:47,373 INFO org.springframework.scheduling.concurrent.ExecutorConfigurationSupport [main] Initializing ExecutorService 'applicationTaskExecutor'
2021-02-01 11:41:47,916 INFO org.apache.juli.logging.DirectJDKLog [main] Starting ProtocolHandler ["http-nio-8080"]
2021-02-01 11:41:47,958 INFO org.springframework.boot.web.embedded.tomcat.TomcatWebServer [main] Tomcat started on port(s): 8080 (http) with context path ''
2021-02-01 11:41:47,975 INFO org.springframework.boot.StartupInfoLogger [main] Started FileUploadApplication in 7.425 seconds (JVM running for 9.395)
2021-02-01 11:42:04,466 INFO org.apache.juli.logging.DirectJDKLog [http-nio-8080-exec-1] Initializing Spring DispatcherServlet 'dispatcherServlet'
2021-02-01 11:42:04,466 INFO org.springframework.web.servlet.FrameworkServlet [http-nio-8080-exec-1] Initializing Servlet 'dispatcherServlet'
2021-02-01 11:42:04,469 INFO org.springframework.web.servlet.FrameworkServlet [http-nio-8080-exec-1] Completed initialization in 2 ms
2021-02-01 11:42:04,638 INFO com.exostar.fileupload.util.CsvHelper [http-nio-8080-exec-1] CsvHelper.hasCSVFormat application/vnd.ms-excel
2021-02-01 11:42:04,652 INFO com.exostar.fileupload.util.CsvHelper [http-nio-8080-exec-1] Total Number of CSV Records = 1
2021-02-01 11:42:04,654 INFO com.exostar.fileupload.util.CsvHelper [http-nio-8080-exec-1] Processing CSV Record CSVRecord [comment='null', recordNumber=1, values=[44, A, Chopra, sachin@yahoo.com]]
2021-02-01 11:42:04,657 INFO com.exostar.fileupload.service.CsvServiceImpl [http-nio-8080-exec-1] Total Number Of Users getting saved = 1
2021-02-01 11:44:30,501 INFO org.springframework.boot.admin.SpringApplicationAdminMXBeanRegistrar$SpringApplicationAdmin [RMI TCP Connection(2)-127.0.0.1] Application shutdown requested.
2021-02-01 11:44:31,215 INFO org.springframework.scheduling.concurrent.ExecutorConfigurationSupport [RMI TCP Connection(2)-127.0.0.1] Shutting down ExecutorService 'applicationTaskExecutor'
2021-02-01 11:44:31,217 INFO org.springframework.orm.jpa.AbstractEntityManagerFactoryBean [RMI TCP Connection(2)-127.0.0.1] Closing JPA EntityManagerFactory for persistence unit 'default'
2021-02-01 11:44:31,218 INFO org.hibernate.tool.schema.internal.SchemaDropperImpl$DelayedDropActionImpl [RMI TCP Connection(2)-127.0.0.1] HHH000477: Starting delayed evictData of schema as part of SessionFactory shut-down'
2021-02-01 11:44:31,230 INFO com.zaxxer.hikari.HikariDataSource [RMI TCP Connection(2)-127.0.0.1] HikariPool-1 - Shutdown initiated...
2021-02-01 11:44:31,238 INFO com.zaxxer.hikari.HikariDataSource [RMI TCP Connection(2)-127.0.0.1] HikariPool-1 - Shutdown completed.
2021-02-01 11:44:42,918 INFO org.hibernate.validator.internal.util.Version [background-preinit] HV000001: Hibernate Validator 6.1.7.Final
2021-02-01 11:44:42,939 INFO org.springframework.boot.StartupInfoLogger [main] Starting FileUploadApplication using Java 11.0.2 on Alyx-Laptop with PID 18140 (D:\ExostarFileUploadSpringBootApp\FileUpload\target\classes started by AJoshi in D:\ExostarFileUploadSpringBootApp\FileUpload)
2021-02-01 11:44:42,941 DEBUG org.springframework.boot.StartupInfoLogger [main] Running with Spring Boot v2.4.2, Spring v5.3.3
2021-02-01 11:44:42,944 INFO org.springframework.boot.SpringApplication [main] No active profile set, falling back to default profiles: default
2021-02-01 11:44:44,083 INFO org.springframework.data.repository.config.RepositoryConfigurationDelegate [main] Bootstrapping Spring Data JPA repositories in DEFAULT mode.
2021-02-01 11:44:44,157 INFO org.springframework.data.repository.config.RepositoryConfigurationDelegate [main] Finished Spring Data repository scanning in 63 ms. Found 1 JPA repository interfaces.
2021-02-01 11:44:44,960 INFO org.springframework.boot.web.embedded.tomcat.TomcatWebServer [main] Tomcat initialized with port(s): 8080 (http)
2021-02-01 11:44:44,975 INFO org.apache.juli.logging.DirectJDKLog [main] Initializing ProtocolHandler ["http-nio-8080"]
2021-02-01 11:44:44,976 INFO org.apache.juli.logging.DirectJDKLog [main] Starting service [Tomcat]
2021-02-01 11:44:44,976 INFO org.apache.juli.logging.DirectJDKLog [main] Starting Servlet engine: [Apache Tomcat/9.0.41]
2021-02-01 11:44:45,219 INFO org.apache.juli.logging.DirectJDKLog [main] Initializing Spring embedded WebApplicationContext
2021-02-01 11:44:45,219 INFO org.springframework.boot.web.servlet.context.ServletWebServerApplicationContext [main] Root WebApplicationContext: initialization completed in 2178 ms
2021-02-01 11:44:45,292 INFO com.zaxxer.hikari.HikariDataSource [main] HikariPool-1 - Starting...
2021-02-01 11:44:45,700 INFO com.zaxxer.hikari.HikariDataSource [main] HikariPool-1 - Start completed.
2021-02-01 11:44:45,711 INFO org.springframework.boot.autoconfigure.h2.H2ConsoleAutoConfiguration [main] H2 console available at '/h2-console'. Database available at 'jdbc:h2:mem:testdb'
2021-02-01 11:44:45,931 INFO org.hibernate.jpa.internal.util.LogHelper [main] HHH000204: Processing PersistenceUnitInfo [name: default]
2021-02-01 11:44:46,006 INFO org.hibernate.Version [main] HHH000412: Hibernate ORM core version 5.4.27.Final
2021-02-01 11:44:46,203 INFO org.hibernate.annotations.common.reflection.java.JavaReflectionManager [main] HCANN000001: Hibernate Commons Annotations {5.1.2.Final}
2021-02-01 11:44:46,359 INFO org.hibernate.dialect.Dialect [main] HHH000400: Using dialect: org.hibernate.dialect.H2Dialect
2021-02-01 11:44:47,217 INFO org.hibernate.engine.transaction.jta.platform.internal.JtaPlatformInitiator [main] HHH000490: Using JtaPlatform implementation: [org.hibernate.engine.transaction.jta.platform.internal.NoJtaPlatform]
2021-02-01 11:44:47,227 INFO org.springframework.orm.jpa.AbstractEntityManagerFactoryBean [main] Initialized JPA EntityManagerFactory for persistence unit 'default'
2021-02-01 11:44:47,714 WARN org.springframework.boot.autoconfigure.orm.jpa.JpaBaseConfiguration$JpaWebConfiguration [main] spring.jpa.open-in-view is enabled by default. Therefore, database queries may be performed during view rendering. Explicitly configure spring.jpa.open-in-view to disable this warning
2021-02-01 11:44:47,858 INFO org.springframework.scheduling.concurrent.ExecutorConfigurationSupport [main] Initializing ExecutorService 'applicationTaskExecutor'
2021-02-01 11:44:48,167 INFO org.apache.juli.logging.DirectJDKLog [main] Starting ProtocolHandler ["http-nio-8080"]
2021-02-01 11:44:48,209 INFO org.springframework.boot.web.embedded.tomcat.TomcatWebServer [main] Tomcat started on port(s): 8080 (http) with context path ''
2021-02-01 11:44:48,222 INFO org.springframework.boot.StartupInfoLogger [main] Started FileUploadApplication in 6.02 seconds (JVM running for 8.491)
2021-02-01 11:44:59,735 INFO org.apache.juli.logging.DirectJDKLog [http-nio-8080-exec-1] Initializing Spring DispatcherServlet 'dispatcherServlet'
2021-02-01 11:44:59,736 INFO org.springframework.web.servlet.FrameworkServlet [http-nio-8080-exec-1] Initializing Servlet 'dispatcherServlet'
2021-02-01 11:44:59,739 INFO org.springframework.web.servlet.FrameworkServlet [http-nio-8080-exec-1] Completed initialization in 2 ms
2021-02-01 11:45:00,006 DEBUG com.exostar.fileupload.controller.CsvController [http-nio-8080-exec-1] Entering CsvController.uploadFile
2021-02-01 11:45:00,007 DEBUG com.exostar.fileupload.service.CsvServiceImpl [http-nio-8080-exec-1] Entering CsvServiceImpl.saveFile
2021-02-01 11:45:00,011 INFO com.exostar.fileupload.util.CsvHelper [http-nio-8080-exec-1] CsvHelper.hasCSVFormat application/vnd.ms-excel
2021-02-01 11:45:00,015 DEBUG com.exostar.fileupload.util.CsvHelper [http-nio-8080-exec-1] Entering CsvHelper.csvToUsers
2021-02-01 11:45:00,040 INFO com.exostar.fileupload.util.CsvHelper [http-nio-8080-exec-1] Total Number of CSV Records = 1
2021-02-01 11:45:00,041 INFO com.exostar.fileupload.util.CsvHelper [http-nio-8080-exec-1] Processing CSV Record CSVRecord [comment='null', recordNumber=1, values=[44, A, Chopra, sachin@yahoo.com]]
2021-02-01 11:45:00,043 INFO com.exostar.fileupload.service.CsvServiceImpl [http-nio-8080-exec-1] Total Number Of Users getting saved = 1
2021-02-01 11:45:46,954 DEBUG com.exostar.fileupload.controller.CsvController [http-nio-8080-exec-3] Entering CsvController.uploadFile
2021-02-01 11:45:46,954 DEBUG com.exostar.fileupload.service.CsvServiceImpl [http-nio-8080-exec-3] Entering CsvServiceImpl.saveFile
2021-02-01 11:45:46,956 INFO com.exostar.fileupload.util.CsvHelper [http-nio-8080-exec-3] CsvHelper.hasCSVFormat application/vnd.ms-excel
2021-02-01 11:45:46,957 DEBUG com.exostar.fileupload.util.CsvHelper [http-nio-8080-exec-3] Entering CsvHelper.csvToUsers
2021-02-01 11:45:46,959 INFO com.exostar.fileupload.util.CsvHelper [http-nio-8080-exec-3] Total Number of CSV Records = 1
2021-02-01 11:45:46,960 INFO com.exostar.fileupload.util.CsvHelper [http-nio-8080-exec-3] Processing CSV Record CSVRecord [comment='null', recordNumber=1, values=[23, , , sachinyahoo.com]]
2021-02-01 11:45:46,961 INFO com.exostar.fileupload.service.CsvServiceImpl [http-nio-8080-exec-3] Total Number Of Users getting saved = 1
2021-02-01 11:45:47,032 INFO com.exostar.fileupload.exception.handler.FileUploadExceptionHandler [http-nio-8080-exec-3] entering TransactionSystemException Exception Handler
2021-02-01 11:45:47,034 INFO com.exostar.fileupload.exception.handler.FileUploadExceptionHandler [http-nio-8080-exec-3] Handling ConstraintViolationException 
2021-02-01 11:52:45,780 DEBUG com.exostar.fileupload.controller.CsvController [http-nio-8080-exec-5] Entering CsvController.uploadFile
2021-02-01 11:52:45,781 DEBUG com.exostar.fileupload.service.CsvServiceImpl [http-nio-8080-exec-5] Entering CsvServiceImpl.saveFile
2021-02-01 11:52:45,786 INFO com.exostar.fileupload.util.CsvHelper [http-nio-8080-exec-5] CsvHelper.hasCSVFormat application/vnd.ms-excel
2021-02-01 11:52:45,787 DEBUG com.exostar.fileupload.util.CsvHelper [http-nio-8080-exec-5] Entering CsvHelper.csvToUsers
2021-02-01 11:52:45,789 INFO com.exostar.fileupload.util.CsvHelper [http-nio-8080-exec-5] Total Number of CSV Records = 1
2021-02-01 11:52:45,792 INFO com.exostar.fileupload.util.CsvHelper [http-nio-8080-exec-5] Processing CSV Record CSVRecord [comment='null', recordNumber=1, values=[44, A, Chopra, sachin@yahoo.com]]
2021-02-01 11:52:45,794 INFO com.exostar.fileupload.service.CsvServiceImpl [http-nio-8080-exec-5] Total Number Of Users getting saved = 1
2021-02-01 12:14:26,557 DEBUG com.exostar.fileupload.controller.CsvController [http-nio-8080-exec-7] Entering CsvController.uploadFile
2021-02-01 12:14:26,559 DEBUG com.exostar.fileupload.service.CsvServiceImpl [http-nio-8080-exec-7] Entering CsvServiceImpl.saveFile
2021-02-01 12:14:26,560 INFO com.exostar.fileupload.util.CsvHelper [http-nio-8080-exec-7] CsvHelper.hasCSVFormat application/vnd.ms-excel
2021-02-01 12:14:26,562 DEBUG com.exostar.fileupload.util.CsvHelper [http-nio-8080-exec-7] Entering CsvHelper.csvToUsers
2021-02-01 12:14:26,564 INFO com.exostar.fileupload.util.CsvHelper [http-nio-8080-exec-7] Total Number of CSV Records = 1
2021-02-01 12:14:26,566 INFO com.exostar.fileupload.util.CsvHelper [http-nio-8080-exec-7] Processing CSV Record CSVRecord [comment='null', recordNumber=1, values=[44, A, Chopra, sachin@yahoo.com]]
2021-02-01 12:14:26,567 INFO com.exostar.fileupload.service.CsvServiceImpl [http-nio-8080-exec-7] Total Number Of Users getting saved = 1
